  hello_opengl.cpp
C:\Users\Ali\Desktop\graphics 2nd assgmnt\grade 2\OpenGL_project\hello_opengl.cpp(48,38): warning C4244: 'argument': conversion from 'float' to 'GLint', possible loss of data
C:\Users\Ali\Desktop\graphics 2nd assgmnt\grade 2\OpenGL_project\hello_opengl.cpp(48,24): warning C4244: 'argument': conversion from 'float' to 'GLint', possible loss of data
C:\Users\Ali\Desktop\graphics 2nd assgmnt\grade 2\OpenGL_project\hello_opengl.cpp(54,37): warning C4244: 'argument': conversion from 'float' to 'GLint', possible loss of data
C:\Users\Ali\Desktop\graphics 2nd assgmnt\grade 2\OpenGL_project\hello_opengl.cpp(54,23): warning C4244: 'argument': conversion from 'float' to 'GLint', possible loss of data
C:\Users\Ali\Desktop\graphics 2nd assgmnt\grade 2\OpenGL_project\hello_opengl.cpp(61,38): warning C4244: 'argument': conversion from 'float' to 'GLint', possible loss of data
C:\Users\Ali\Desktop\graphics 2nd assgmnt\grade 2\OpenGL_project\hello_opengl.cpp(61,24): warning C4244: 'argument': conversion from 'float' to 'GLint', possible loss of data
C:\Users\Ali\Desktop\graphics 2nd assgmnt\grade 2\OpenGL_project\hello_opengl.cpp(67,36): warning C4305: '+=': truncation from 'double' to 'float'
C:\Users\Ali\Desktop\graphics 2nd assgmnt\grade 2\OpenGL_project\hello_opengl.cpp(71,84): warning C4244: '+=': conversion from 'double' to 'float', possible loss of data
C:\Users\Ali\Desktop\graphics 2nd assgmnt\grade 2\OpenGL_project\hello_opengl.cpp(72,84): warning C4244: '+=': conversion from 'double' to 'float', possible loss of data
C:\Users\Ali\Desktop\graphics 2nd assgmnt\grade 2\OpenGL_project\hello_opengl.cpp(109,35): warning C4244: 'argument': conversion from 'float' to 'GLint', possible loss of data
C:\Users\Ali\Desktop\graphics 2nd assgmnt\grade 2\OpenGL_project\hello_opengl.cpp(109,22): warning C4244: 'argument': conversion from 'float' to 'GLint', possible loss of data
C:\Users\Ali\Desktop\graphics 2nd assgmnt\grade 2\OpenGL_project\hello_opengl.cpp(110,35): warning C4244: 'argument': conversion from 'float' to 'GLint', possible loss of data
C:\Users\Ali\Desktop\graphics 2nd assgmnt\grade 2\OpenGL_project\hello_opengl.cpp(110,22): warning C4244: 'argument': conversion from 'float' to 'GLint', possible loss of data
C:\Users\Ali\Desktop\graphics 2nd assgmnt\grade 2\OpenGL_project\hello_opengl.cpp(114,35): warning C4244: 'argument': conversion from 'float' to 'GLint', possible loss of data
C:\Users\Ali\Desktop\graphics 2nd assgmnt\grade 2\OpenGL_project\hello_opengl.cpp(114,22): warning C4244: 'argument': conversion from 'float' to 'GLint', possible loss of data
C:\Users\Ali\Desktop\graphics 2nd assgmnt\grade 2\OpenGL_project\hello_opengl.cpp(115,35): warning C4244: 'argument': conversion from 'float' to 'GLint', possible loss of data
C:\Users\Ali\Desktop\graphics 2nd assgmnt\grade 2\OpenGL_project\hello_opengl.cpp(115,22): warning C4244: 'argument': conversion from 'float' to 'GLint', possible loss of data
C:\Users\Ali\Desktop\graphics 2nd assgmnt\grade 2\OpenGL_project\hello_opengl.cpp(162,23): warning C4244: '=': conversion from 'GLint' to 'float', possible loss of data
C:\Users\Ali\Desktop\graphics 2nd assgmnt\grade 2\OpenGL_project\hello_opengl.cpp(163,33): warning C4244: '=': conversion from 'GLint' to 'float', possible loss of data
C:\Users\Ali\Desktop\graphics 2nd assgmnt\grade 2\OpenGL_project\hello_opengl.cpp(168,25): warning C4244: '=': conversion from 'GLint' to 'float', possible loss of data
C:\Users\Ali\Desktop\graphics 2nd assgmnt\grade 2\OpenGL_project\hello_opengl.cpp(169,35): warning C4244: '=': conversion from 'GLint' to 'float', possible loss of data
C:\Users\Ali\Desktop\graphics 2nd assgmnt\grade 2\OpenGL_project\hello_opengl.cpp(160,8): warning C4101: 'i': unreferenced local variable
  OpenGL_project.vcxproj -> C:\Users\Ali\Desktop\graphics 2nd assgmnt\grade 2\x64\Debug\OpenGL_project.exe
  C:\Users\Ali\Desktop\graphics 2nd assgmnt\grade 2\\bin\freeglut.dll
  C:\Users\Ali\Desktop\graphics 2nd assgmnt\grade 2\\bin\freeglutd.dll
  2 File(s) copied
